{
  "stats": {
    "suites": 1,
    "tests": 2,
    "passes": 2,
    "pending": 0,
    "failures": 0,
    "start": "2022-05-12T14:27:26.023Z",
    "end": "2022-05-12T14:27:38.858Z",
    "duration": 12835,
    "testsRegistered": 2,
    "passPercent": 100,
    "pendingPercent": 0,
    "other": 0,
    "hasOther": false,
    "skipped": 0,
    "hasSkipped": false
  },
  "results": [
    {
      "uuid": "f7414021-1668-4fed-a2f2-0372962b7820",
      "title": "",
      "fullFile": "cypress/integration/NGX-Admin-Programs/ngx-admin-home.spec.js",
      "file": "cypress/integration/NGX-Admin-Programs/ngx-admin-home.spec.js",
      "beforeHooks": [],
      "afterHooks": [],
      "tests": [],
      "suites": [
        {
          "uuid": "cec45105-7738-4329-b8c8-b705af46f86e",
          "title": "Home suite",
          "fullFile": "",
          "file": "",
          "beforeHooks": [],
          "afterHooks": [],
          "tests": [
            {
              "title": "Menus validation",
              "fullTitle": "Home suite Menus validation",
              "timedOut": null,
              "duration": 5215,
              "state": "passed",
              "speed": "medium",
              "pass": true,
              "fail": false,
              "pending": false,
              "context": null,
              "code": "cy.get('span.menu-title').each(menuItems => {\n  const actMenu = menuItems.text().trim();\n  for (let index = 0; index < menus.length; index++) {\n    const element = menus[index];\n    if (element == actMenu) {\n      expect(element).equal(actMenu);\n    }\n  }\n});",
              "err": {},
              "uuid": "a1fa8643-a586-4c4b-a747-77550cb7c2b0",
              "parentUUID": "cec45105-7738-4329-b8c8-b705af46f86e",
              "isHook": false,
              "skipped": false
            },
            {
              "title": "Themes validation",
              "fullTitle": "Home suite Themes validation",
              "timedOut": null,
              "duration": 7403,
              "state": "passed",
              "speed": "medium",
              "pass": true,
              "fail": false,
              "pending": false,
              "context": null,
              "code": "cy.get('nb-select').click();\ncy.get('.options-list nb-option').each((themes, index) => {\n  const themeName = themes.text().trim();\n  cy.wrap(themes).click();\n  cy.get('nb-select').should('contain', themeName);\n  cy.get('nb-layout-header nav').should('have.css', 'background-color', themesColors[themeName]);\n  if (index < 3) {\n    cy.get('nb-select').click();\n  }\n});",
              "err": {},
              "uuid": "8f3e7320-2c2c-4c1c-b33a-355d061342eb",
              "parentUUID": "cec45105-7738-4329-b8c8-b705af46f86e",
              "isHook": false,
              "skipped": false
            }
          ],
          "suites": [],
          "passes": [
            "a1fa8643-a586-4c4b-a747-77550cb7c2b0",
            "8f3e7320-2c2c-4c1c-b33a-355d061342eb"
          ],
          "failures": [],
          "pending": [],
          "skipped": [],
          "duration": 12618,
          "root": false,
          "rootEmpty": false,
          "_timeout": 2000
        }
      ],
      "passes": [],
      "failures": [],
      "pending": [],
      "skipped": [],
      "duration": 0,
      "root": true,
      "rootEmpty": true,
      "_timeout": 2000
    }
  ],
  "meta": {
    "mocha": {
      "version": "7.0.1"
    },
    "mochawesome": {
      "options": {
        "quiet": false,
        "reportFilename": "mochawesome",
        "saveHtml": false,
        "saveJson": true,
        "consoleReporter": "spec",
        "useInlineDiffs": false,
        "code": true
      },
      "version": "7.1.3"
    },
    "marge": {
      "options": {
        "reportDir": "cypress\\reports\\.jsons",
        "charts": true,
        "reportPageTitle": "NGX-Admin",
        "embeddedScreenshots": true,
        "inlineAssets": true,
        "overwrite": false,
        "html": false,
        "json": true
      },
      "version": "6.2.0"
    }
  }
}