{
  "stats": {
    "suites": 1,
    "tests": 4,
    "passes": 4,
    "pending": 0,
    "failures": 0,
    "start": "2022-05-12T14:25:12.762Z",
    "end": "2022-05-12T14:25:40.532Z",
    "duration": 27770,
    "testsRegistered": 4,
    "passPercent": 100,
    "pendingPercent": 0,
    "other": 0,
    "hasOther": false,
    "skipped": 0,
    "hasSkipped": false
  },
  "results": [
    {
      "uuid": "617e8fb9-0f09-409f-a776-0ab678a2fb6d",
      "title": "",
      "fullFile": "cypress/integration/NGX-Admin-Programs/datepickerTest.spec.js",
      "file": "cypress/integration/NGX-Admin-Programs/datepickerTest.spec.js",
      "beforeHooks": [],
      "afterHooks": [],
      "tests": [],
      "suites": [
        {
          "uuid": "9f4285be-468a-4530-ba8c-67873f92ac1f",
          "title": "Datepicker Suite",
          "fullFile": "",
          "file": "",
          "beforeHooks": [],
          "afterHooks": [],
          "tests": [
            {
              "title": "Common Datepicker",
              "fullTitle": "Datepicker Suite Common Datepicker",
              "timedOut": null,
              "duration": 9257,
              "state": "passed",
              "speed": "medium",
              "pass": true,
              "fail": false,
              "pending": false,
              "context": null,
              "code": "_DatePickerPage.datepicker.commonDatepicker();",
              "err": {},
              "uuid": "a001b3ec-d954-45e3-b316-8e6060a943b0",
              "parentUUID": "9f4285be-468a-4530-ba8c-67873f92ac1f",
              "isHook": false,
              "skipped": false
            },
            {
              "title": "Range Datepicker",
              "fullTitle": "Datepicker Suite Range Datepicker",
              "timedOut": null,
              "duration": 6043,
              "state": "passed",
              "speed": "medium",
              "pass": true,
              "fail": false,
              "pending": false,
              "context": null,
              "code": "_DatePickerPage.datepicker.rangeDatepicker();",
              "err": {},
              "uuid": "5040cc6b-9e5a-4985-b60d-cfd325368d2e",
              "parentUUID": "9f4285be-468a-4530-ba8c-67873f92ac1f",
              "isHook": false,
              "skipped": false
            },
            {
              "title": "Min Max Datepicker",
              "fullTitle": "Datepicker Suite Min Max Datepicker",
              "timedOut": null,
              "duration": 4539,
              "state": "passed",
              "speed": "fast",
              "pass": true,
              "fail": false,
              "pending": false,
              "context": null,
              "code": "_DatePickerPage.datepicker.minmaxDatepicker();",
              "err": {},
              "uuid": "8095840b-76dc-4265-8a70-2585e703a8aa",
              "parentUUID": "9f4285be-468a-4530-ba8c-67873f92ac1f",
              "isHook": false,
              "skipped": false
            },
            {
              "title": "All Datepickers Test",
              "fullTitle": "Datepicker Suite All Datepickers Test",
              "timedOut": null,
              "duration": 7640,
              "state": "passed",
              "speed": "medium",
              "pass": true,
              "fail": false,
              "pending": false,
              "context": null,
              "code": "_DatePickerPage.datepicker.commonDatepicker();\n_DatePickerPage.datepicker.rangeDatepicker();\n_DatePickerPage.datepicker.minmaxDatepicker();",
              "err": {},
              "uuid": "3b4291be-d798-42a5-96c4-7a43c4fe8219",
              "parentUUID": "9f4285be-468a-4530-ba8c-67873f92ac1f",
              "isHook": false,
              "skipped": false
            }
          ],
          "suites": [],
          "passes": [
            "a001b3ec-d954-45e3-b316-8e6060a943b0",
            "5040cc6b-9e5a-4985-b60d-cfd325368d2e",
            "8095840b-76dc-4265-8a70-2585e703a8aa",
            "3b4291be-d798-42a5-96c4-7a43c4fe8219"
          ],
          "failures": [],
          "pending": [],
          "skipped": [],
          "duration": 27479,
          "root": false,
          "rootEmpty": false,
          "_timeout": 2000
        }
      ],
      "passes": [],
      "failures": [],
      "pending": [],
      "skipped": [],
      "duration": 0,
      "root": true,
      "rootEmpty": true,
      "_timeout": 2000
    }
  ],
  "meta": {
    "mocha": {
      "version": "7.0.1"
    },
    "mochawesome": {
      "options": {
        "quiet": false,
        "reportFilename": "mochawesome",
        "saveHtml": false,
        "saveJson": true,
        "consoleReporter": "spec",
        "useInlineDiffs": false,
        "code": true
      },
      "version": "7.1.3"
    },
    "marge": {
      "options": {
        "reportDir": "cypress\\reports\\.jsons",
        "charts": true,
        "reportPageTitle": "NGX-Admin",
        "embeddedScreenshots": true,
        "inlineAssets": true,
        "overwrite": false,
        "html": false,
        "json": true
      },
      "version": "6.2.0"
    }
  }
}