{
  "stats": {
    "suites": 1,
    "tests": 4,
    "passes": 4,
    "pending": 0,
    "failures": 0,
    "start": "2022-05-12T14:27:43.328Z",
    "end": "2022-05-12T14:28:19.904Z",
    "duration": 36576,
    "testsRegistered": 4,
    "passPercent": 100,
    "pendingPercent": 0,
    "other": 0,
    "hasOther": false,
    "skipped": 0,
    "hasSkipped": false
  },
  "results": [
    {
      "uuid": "f8ec0b91-a20b-40a6-b3a6-a9858577efe4",
      "title": "",
      "fullFile": "cypress/integration/NGX-Admin-Programs/ngx-admin-model-overlays.spec.js",
      "file": "cypress/integration/NGX-Admin-Programs/ngx-admin-model-overlays.spec.js",
      "beforeHooks": [],
      "afterHooks": [],
      "tests": [],
      "suites": [
        {
          "uuid": "71fbde69-c865-43f7-a67b-265df2e961f1",
          "title": "Model & Overlays - Dialog Suite",
          "fullFile": "",
          "file": "",
          "beforeHooks": [],
          "afterHooks": [],
          "tests": [
            {
              "title": "Dialog - Open Dialog",
              "fullTitle": "Model & Overlays - Dialog Suite Dialog - Open Dialog",
              "timedOut": null,
              "duration": 14231,
              "state": "passed",
              "speed": "slow",
              "pass": true,
              "fail": false,
              "pending": false,
              "context": null,
              "code": "//Open Dialog\ncy.get('button').contains('Open Dialog with component').click();\ncy.get('button').should('contain', 'Dismiss Dialog');\ncy.get('button').contains('Dismiss Dialog').click();\ncy.get('button').contains('Open Dialog with template').click();\ncy.get('button').should('contain', 'Close Dialog');\ncy.get('button').contains('Close Dialog').click();",
              "err": {},
              "uuid": "f341250a-27aa-40c0-8eca-d461f1ec57b3",
              "parentUUID": "71fbde69-c865-43f7-a67b-265df2e961f1",
              "isHook": false,
              "skipped": false
            },
            {
              "title": "Dialog - Open Without Backdrop",
              "fullTitle": "Model & Overlays - Dialog Suite Dialog - Open Without Backdrop",
              "timedOut": null,
              "duration": 7226,
              "state": "passed",
              "speed": "medium",
              "pass": true,
              "fail": false,
              "pending": false,
              "context": null,
              "code": "//Open Without Backdrop\ncy.get('button').contains('Open Dialog with backdrop').click();\ncy.get('button').should('contain', 'Dismiss Dialog');\ncy.get('body').click(0, 0);\ncy.get('button').should('not.contain', 'Dismiss Dialog'); //Open Dialog without backdrop\ncy.get('button').contains('Open Dialog without backdrop').click();\ncy.get('button').should('contain', 'Close Dialog');\ncy.get('body').click(0, 0);\ncy.get('button').should('contain', 'Close Dialog');\ncy.contains('Close Dialog').click();",
              "err": {},
              "uuid": "394624ae-fbaf-4431-9591-2ec6079d61a8",
              "parentUUID": "71fbde69-c865-43f7-a67b-265df2e961f1",
              "isHook": false,
              "skipped": false
            },
            {
              "title": "Dialog - Open Without Esc Close",
              "fullTitle": "Model & Overlays - Dialog Suite Dialog - Open Without Esc Close",
              "timedOut": null,
              "duration": 7608,
              "state": "passed",
              "speed": "medium",
              "pass": true,
              "fail": false,
              "pending": false,
              "context": null,
              "code": "//Open Without Esc Close\ncy.contains('Open Dialog with esc close').click();\ncy.get('button').should('contain', 'Dismiss Dialog');\ncy.get('body').type('{esc}');\ncy.get('button').should('not.contain', 'Dismiss Dialog'); //Open Dialog without esc close\ncy.contains('Open Dialog without esc close').click();\ncy.get('button').should('contain', 'Close Dialog');\ncy.get('body').type('{esc}');\ncy.get('button').should('contain', 'Close Dialog');\ncy.contains('Close Dialog').click();",
              "err": {},
              "uuid": "9a7ea33a-edfc-4e62-9d7d-d6f8dbb6d634",
              "parentUUID": "71fbde69-c865-43f7-a67b-265df2e961f1",
              "isHook": false,
              "skipped": false
            },
            {
              "title": "Dialog - Return Result From Dialog",
              "fullTitle": "Model & Overlays - Dialog Suite Dialog - Return Result From Dialog",
              "timedOut": null,
              "duration": 7331,
              "state": "passed",
              "speed": "medium",
              "pass": true,
              "fail": false,
              "pending": false,
              "context": null,
              "code": "cy.contains('Enter Name').click();\ncy.get('[placeholder=\"Name\"]').type('Hi Cypress');\ncy.contains('Cancel').click();\ncy.get('ul').should('not.contain', 'Hi Cypress');\ncy.contains('Enter Name').click();\ncy.get('[placeholder=\"Name\"]').type('Hi Cypress');\ncy.contains('Submit').click();\ncy.get('ul').should('contain', 'Hi Cypress');",
              "err": {},
              "uuid": "179a827b-1c73-4154-902d-c31b5462668e",
              "parentUUID": "71fbde69-c865-43f7-a67b-265df2e961f1",
              "isHook": false,
              "skipped": false
            }
          ],
          "suites": [],
          "passes": [
            "f341250a-27aa-40c0-8eca-d461f1ec57b3",
            "394624ae-fbaf-4431-9591-2ec6079d61a8",
            "9a7ea33a-edfc-4e62-9d7d-d6f8dbb6d634",
            "179a827b-1c73-4154-902d-c31b5462668e"
          ],
          "failures": [],
          "pending": [],
          "skipped": [],
          "duration": 36396,
          "root": false,
          "rootEmpty": false,
          "_timeout": 2000
        }
      ],
      "passes": [],
      "failures": [],
      "pending": [],
      "skipped": [],
      "duration": 0,
      "root": true,
      "rootEmpty": true,
      "_timeout": 2000
    }
  ],
  "meta": {
    "mocha": {
      "version": "7.0.1"
    },
    "mochawesome": {
      "options": {
        "quiet": false,
        "reportFilename": "mochawesome",
        "saveHtml": false,
        "saveJson": true,
        "consoleReporter": "spec",
        "useInlineDiffs": false,
        "code": true
      },
      "version": "7.1.3"
    },
    "marge": {
      "options": {
        "reportDir": "cypress\\reports\\.jsons",
        "charts": true,
        "reportPageTitle": "NGX-Admin",
        "embeddedScreenshots": true,
        "inlineAssets": true,
        "overwrite": false,
        "html": false,
        "json": true
      },
      "version": "6.2.0"
    }
  }
}