{
  "stats": {
    "suites": 1,
    "tests": 2,
    "passes": 2,
    "pending": 0,
    "failures": 0,
    "start": "2022-05-12T14:27:02.566Z",
    "end": "2022-05-12T14:27:22.941Z",
    "duration": 20375,
    "testsRegistered": 2,
    "passPercent": 100,
    "pendingPercent": 0,
    "other": 0,
    "hasOther": false,
    "skipped": 0,
    "hasSkipped": false
  },
  "results": [
    {
      "uuid": "682d32ed-86f0-4b5b-9337-6248aab0b67b",
      "title": "",
      "fullFile": "cypress/integration/NGX-Admin-Programs/ngx-admin-forms.spec.js",
      "file": "cypress/integration/NGX-Admin-Programs/ngx-admin-forms.spec.js",
      "beforeHooks": [],
      "afterHooks": [],
      "tests": [],
      "suites": [
        {
          "uuid": "87a64e45-484b-4b9e-812d-5ae969f03913",
          "title": "Forms suite",
          "fullFile": "",
          "file": "",
          "beforeHooks": [],
          "afterHooks": [],
          "tests": [
            {
              "title": "Inline form",
              "fullTitle": "Forms suite Inline form",
              "timedOut": null,
              "duration": 11790,
              "state": "passed",
              "speed": "slow",
              "pass": true,
              "fail": false,
              "pending": false,
              "context": null,
              "code": "cy.get('nb-card-header').should('contain', 'Inline form');\ncy.get('form.form-inline input[placeholder=\"Jane Doe\"]').type('krishna', {\n  force: true\n});\ncy.get('form.form-inline input[placeholder=\"Email\"]').type('krishna@test.com', {\n  force: true\n});\ncy.get('form.form-inline span.text').should('have.text', 'Remember me');\ncy.get('form.form-inline input[type=\"checkbox\"]').click({\n  force: true\n});\ncy.get('form.form-inline span.custom-checkbox').invoke('attr', 'class').should('include', 'checked');\ncy.get('form.form-inline button').contains('Submit').click();",
              "err": {},
              "uuid": "d5e9d3b8-7f3e-453a-a86d-6fafc7414973",
              "parentUUID": "87a64e45-484b-4b9e-812d-5ae969f03913",
              "isHook": false,
              "skipped": false
            },
            {
              "title": "Using the Grid",
              "fullTitle": "Forms suite Using the Grid",
              "timedOut": null,
              "duration": 8462,
              "state": "passed",
              "speed": "medium",
              "pass": true,
              "fail": false,
              "pending": false,
              "context": null,
              "code": "cy.get('nb-card-header').should('contain', 'Using the Grid');\ncy.get('#inputEmail1').type('krishna@test.com');\ncy.get('#inputPassword2').type('test1234');\ncy.get('div.form-group input[type=\"radio\"]').then(radioOptions => {\n  cy.wrap(radioOptions).first().check({\n    force: true\n  }).should('be.checked');\n  cy.wrap(radioOptions).eq(1).check({\n    force: true\n  }).should('be.checked');\n  cy.wrap(radioOptions).first().should('not.be.checked');\n  cy.wrap(radioOptions).last().should('be.disabled');\n  cy.get('div.form-group button').contains('Sign in').click();\n});",
              "err": {},
              "uuid": "b97902df-9785-4520-8b96-d1ca32c8380a",
              "parentUUID": "87a64e45-484b-4b9e-812d-5ae969f03913",
              "isHook": false,
              "skipped": false
            }
          ],
          "suites": [],
          "passes": [
            "d5e9d3b8-7f3e-453a-a86d-6fafc7414973",
            "b97902df-9785-4520-8b96-d1ca32c8380a"
          ],
          "failures": [],
          "pending": [],
          "skipped": [],
          "duration": 20252,
          "root": false,
          "rootEmpty": false,
          "_timeout": 2000
        }
      ],
      "passes": [],
      "failures": [],
      "pending": [],
      "skipped": [],
      "duration": 0,
      "root": true,
      "rootEmpty": true,
      "_timeout": 2000
    }
  ],
  "meta": {
    "mocha": {
      "version": "7.0.1"
    },
    "mochawesome": {
      "options": {
        "quiet": false,
        "reportFilename": "mochawesome",
        "saveHtml": false,
        "saveJson": true,
        "consoleReporter": "spec",
        "useInlineDiffs": false,
        "code": true
      },
      "version": "7.1.3"
    },
    "marge": {
      "options": {
        "reportDir": "cypress\\reports\\.jsons",
        "charts": true,
        "reportPageTitle": "NGX-Admin",
        "embeddedScreenshots": true,
        "inlineAssets": true,
        "overwrite": false,
        "html": false,
        "json": true
      },
      "version": "6.2.0"
    }
  }
}