{
  "stats": {
    "suites": 1,
    "tests": 3,
    "passes": 3,
    "pending": 0,
    "failures": 0,
    "start": "2022-05-12T14:25:44.185Z",
    "end": "2022-05-12T14:26:18.039Z",
    "duration": 33854,
    "testsRegistered": 3,
    "passPercent": 100,
    "pendingPercent": 0,
    "other": 0,
    "hasOther": false,
    "skipped": 0,
    "hasSkipped": false
  },
  "results": [
    {
      "uuid": "e6268d09-f7da-4a15-abcc-4c8413a8b9f7",
      "title": "",
      "fullFile": "cypress/integration/NGX-Admin-Programs/formsTest.spec.js",
      "file": "cypress/integration/NGX-Admin-Programs/formsTest.spec.js",
      "beforeHooks": [],
      "afterHooks": [],
      "tests": [],
      "suites": [
        {
          "uuid": "f3cc464b-659a-4dc1-9c72-59b88ea4bdd3",
          "title": "Forms Suite",
          "fullFile": "",
          "file": "",
          "beforeHooks": [],
          "afterHooks": [],
          "tests": [
            {
              "title": "Inline Form",
              "fullTitle": "Forms Suite Inline Form",
              "timedOut": null,
              "duration": 12337,
              "state": "passed",
              "speed": "slow",
              "pass": true,
              "fail": false,
              "pending": false,
              "context": null,
              "code": "_FormLayoutsPage.formLayout.forms_InlineForm('Krishna', 'krishna@test.com');",
              "err": {},
              "uuid": "d45748b0-3a0b-4597-88bd-7342e92840d5",
              "parentUUID": "f3cc464b-659a-4dc1-9c72-59b88ea4bdd3",
              "isHook": false,
              "skipped": false
            },
            {
              "title": "Using the Grid",
              "fullTitle": "Forms Suite Using the Grid",
              "timedOut": null,
              "duration": 8971,
              "state": "passed",
              "speed": "medium",
              "pass": true,
              "fail": false,
              "pending": false,
              "context": null,
              "code": "_FormLayoutsPage.formLayout.forms_UsingTheGrid('krishna@test.com', 'test1234');",
              "err": {},
              "uuid": "adde7833-310a-41da-8c35-a330c1f04943",
              "parentUUID": "f3cc464b-659a-4dc1-9c72-59b88ea4bdd3",
              "isHook": false,
              "skipped": false
            },
            {
              "title": "Forms Test",
              "fullTitle": "Forms Suite Forms Test",
              "timedOut": null,
              "duration": 12326,
              "state": "passed",
              "speed": "slow",
              "pass": true,
              "fail": false,
              "pending": false,
              "context": null,
              "code": "_FormLayoutsPage.formLayout.forms_InlineForm('Krishna', 'krishna@test.com');\n_FormLayoutsPage.formLayout.forms_UsingTheGrid('krishna@test.com', 'test1234');",
              "err": {},
              "uuid": "7f2be86c-bc05-40ea-86fb-dd0d90ebc034",
              "parentUUID": "f3cc464b-659a-4dc1-9c72-59b88ea4bdd3",
              "isHook": false,
              "skipped": false
            }
          ],
          "suites": [],
          "passes": [
            "d45748b0-3a0b-4597-88bd-7342e92840d5",
            "adde7833-310a-41da-8c35-a330c1f04943",
            "7f2be86c-bc05-40ea-86fb-dd0d90ebc034"
          ],
          "failures": [],
          "pending": [],
          "skipped": [],
          "duration": 33634,
          "root": false,
          "rootEmpty": false,
          "_timeout": 2000
        }
      ],
      "passes": [],
      "failures": [],
      "pending": [],
      "skipped": [],
      "duration": 0,
      "root": true,
      "rootEmpty": true,
      "_timeout": 2000
    }
  ],
  "meta": {
    "mocha": {
      "version": "7.0.1"
    },
    "mochawesome": {
      "options": {
        "quiet": false,
        "reportFilename": "mochawesome",
        "saveHtml": false,
        "saveJson": true,
        "consoleReporter": "spec",
        "useInlineDiffs": false,
        "code": true
      },
      "version": "7.1.3"
    },
    "marge": {
      "options": {
        "reportDir": "cypress\\reports\\.jsons",
        "charts": true,
        "reportPageTitle": "NGX-Admin",
        "embeddedScreenshots": true,
        "inlineAssets": true,
        "overwrite": false,
        "html": false,
        "json": true
      },
      "version": "6.2.0"
    }
  }
}