{
  "stats": {
    "suites": 1,
    "tests": 3,
    "passes": 3,
    "pending": 0,
    "failures": 0,
    "start": "2022-05-12T14:26:41.468Z",
    "end": "2022-05-12T14:26:59.243Z",
    "duration": 17775,
    "testsRegistered": 3,
    "passPercent": 100,
    "pendingPercent": 0,
    "other": 0,
    "hasOther": false,
    "skipped": 0,
    "hasSkipped": false
  },
  "results": [
    {
      "uuid": "10afa0c6-4a96-486d-9eed-1e9e42a6b858",
      "title": "",
      "fullFile": "cypress/integration/NGX-Admin-Programs/ngx-admin-datepicker.spec.js",
      "file": "cypress/integration/NGX-Admin-Programs/ngx-admin-datepicker.spec.js",
      "beforeHooks": [],
      "afterHooks": [],
      "tests": [],
      "suites": [
        {
          "uuid": "740fae50-1253-427e-9d91-0b747f4edeed",
          "title": "Datepicker suite",
          "fullFile": "",
          "file": "",
          "beforeHooks": [],
          "afterHooks": [],
          "tests": [
            {
              "title": "Common Datepicker",
              "fullTitle": "Datepicker suite Common Datepicker",
              "timedOut": null,
              "duration": 7384,
              "state": "passed",
              "speed": "medium",
              "pass": true,
              "fail": false,
              "pending": false,
              "context": null,
              "code": "cy.get('nb-card nb-card-header').each((dp, index) => {\n  var dpName = dp.text().trim();\n  expect(dpName).equals(dpHeaders[index]);\n});\ncy.get('[placeholder=\"Form Picker\"]').then(commDP => {\n  cy.wrap(commDP).click();\n  var currentDate = new Date();\n  var day = currentDate.getDate();\n  cy.log(\"Todays day is: \" + day);\n  var myDate = currentDate.toLocaleDateString('en-us', {\n    year: \"numeric\",\n    month: \"short\",\n    day: \"numeric\"\n  });\n  cy.log(myDate);\n  cy.get('nb-calendar-day-cell').contains(`${day}`).click();\n  cy.wrap(commDP).should('have.value', myDate);\n});",
              "err": {},
              "uuid": "e67c5f91-c163-43fd-b73a-062b9d69ca7d",
              "parentUUID": "740fae50-1253-427e-9d91-0b747f4edeed",
              "isHook": false,
              "skipped": false
            },
            {
              "title": "Datepicker With Range",
              "fullTitle": "Datepicker suite Datepicker With Range",
              "timedOut": null,
              "duration": 5794,
              "state": "passed",
              "speed": "medium",
              "pass": true,
              "fail": false,
              "pending": false,
              "context": null,
              "code": "cy.get('[placeholder=\"Range Picker\"]').then(rangeDP => {\n  cy.wrap(rangeDP).click();\n  cy.get('nb-calendar-range-day-cell').contains(' 1 ').click();\n  cy.get('nb-calendar-range-day-cell').contains(' 20 ').click();\n  var currentDate = new Date();\n  var month = monthNames[currentDate.getMonth()];\n  var year = currentDate.getFullYear();\n  var myDate1 = month + \" 1, \" + year;\n  var myDate2 = month + \" 20, \" + year;\n  var finalRangeDate = myDate1 + ' - ' + myDate2;\n  cy.log(finalRangeDate);\n  cy.wrap(rangeDP).should('have.value', finalRangeDate);\n});",
              "err": {},
              "uuid": "445755d3-dbf1-4908-8590-121db8846c5c",
              "parentUUID": "740fae50-1253-427e-9d91-0b747f4edeed",
              "isHook": false,
              "skipped": false
            },
            {
              "title": "Datepicker With Disabled Min Max Values",
              "fullTitle": "Datepicker suite Datepicker With Disabled Min Max Values",
              "timedOut": null,
              "duration": 4388,
              "state": "passed",
              "speed": "fast",
              "pass": true,
              "fail": false,
              "pending": false,
              "context": null,
              "code": "cy.get('input[placeholder=\"Min Max Picker\"]').then(mmDP => {\n  cy.wrap(mmDP).click();\n  var currentDate = new Date();\n  var today = currentDate.getDate();\n  var myDate = currentDate.toLocaleDateString('en-us', {\n    year: \"numeric\",\n    month: \"short\",\n    day: \"numeric\"\n  });\n  var daystoPrev = today - 6;\n  var daystoFut = today + 6;\n  if (today > 6) {\n    cy.get('nb-calendar-day-cell').contains(`${daystoPrev}`).should('have.class', 'disabled');\n  }\n  cy.get('nb-calendar-day-cell').contains(`${daystoFut}`).should('have.class', 'disabled');\n  cy.get('nb-calendar-day-cell').contains(`${today}`).click();\n  cy.wrap(mmDP).should('have.value', myDate);\n});",
              "err": {},
              "uuid": "3f3a2b54-3bc0-4666-b0ac-3a52ca1897fe",
              "parentUUID": "740fae50-1253-427e-9d91-0b747f4edeed",
              "isHook": false,
              "skipped": false
            }
          ],
          "suites": [],
          "passes": [
            "e67c5f91-c163-43fd-b73a-062b9d69ca7d",
            "445755d3-dbf1-4908-8590-121db8846c5c",
            "3f3a2b54-3bc0-4666-b0ac-3a52ca1897fe"
          ],
          "failures": [],
          "pending": [],
          "skipped": [],
          "duration": 17566,
          "root": false,
          "rootEmpty": false,
          "_timeout": 2000
        }
      ],
      "passes": [],
      "failures": [],
      "pending": [],
      "skipped": [],
      "duration": 0,
      "root": true,
      "rootEmpty": true,
      "_timeout": 2000
    }
  ],
  "meta": {
    "mocha": {
      "version": "7.0.1"
    },
    "mochawesome": {
      "options": {
        "quiet": false,
        "reportFilename": "mochawesome",
        "saveHtml": false,
        "saveJson": true,
        "consoleReporter": "spec",
        "useInlineDiffs": false,
        "code": true
      },
      "version": "7.1.3"
    },
    "marge": {
      "options": {
        "reportDir": "cypress\\reports\\.jsons",
        "charts": true,
        "reportPageTitle": "NGX-Admin",
        "embeddedScreenshots": true,
        "inlineAssets": true,
        "overwrite": false,
        "html": false,
        "json": true
      },
      "version": "6.2.0"
    }
  }
}